2026-06-11T16:06:04.786Z INFO Is remote: false
2026-06-11T16:06:04.786Z INFO Starting Local. Installation path: /Users/sainey/streets-ahead-website
2026-06-11T16:06:04.786Z INFO [MainProvider] Creating new MainProvider instance...
2026-06-11T16:06:04.787Z INFO [TabsManager] Code view listener set up at initialization
2026-06-11T16:06:04.787Z INFO Installation path exists: /Users/sainey/streets-ahead-website
2026-06-11T16:06:04.787Z INFO Initializing database with URL: file:/Users/sainey/streets-ahead-website/pythagora-core/data/database/pythagora.db
2026-06-11T16:06:04.788Z INFO Database file exists, skipping prisma generate/push for faster startup
2026-06-11T16:06:04.788Z INFO Database initialized successfully
2026-06-11T16:06:04.788Z INFO [Migration] Checking for database migration...
2026-06-11T16:06:05.213Z INFO [Migration] No migration needed
2026-06-11T20:07:16.870Z INFO Closing entire Pythagora extension...
2026-06-11T20:07:16.999Z ERROR Error closing extension
Error: Canceled
Stack: Canceled: Canceled
	at new ZI (file:///Applications/Visual%20Studio%20Code.app/Contents/Resources/app/out/vs/workbench/api/node/extensionHostProcess.js:407:151655)
	at i._remoteCall (file:///Applications/Visual%20Studio%20Code.app/Contents/Resources/app/out/vs/workbench/api/node/extensionHostProcess.js:407:157707)
	at r.<computed>.s.charCodeAt.r.<computed> (file:///Applications/Visual%20Studio%20Code.app/Contents/Resources/app/out/vs/workbench/api/node/extensionHostProcess.js:407:154502)
	at Cg._doExecuteCommand (file:///Applications/Visual%20Studio%20Code.app/Contents/Resources/app/out/vs/workbench/api/node/extensionHostProcess.js:502:48252)
	at Cg.executeCommand (file:///Applications/Visual%20Studio%20Code.app/Contents/Resources/app/out/vs/workbench/api/node/extensionHostProcess.js:502:47699)
	at Object.executeCommand (file:///Applications/Visual%20Studio%20Code.app/Contents/Resources/app/out/vs/workbench/api/node/extensionHostProcess.js:641:136543)
	at closeEntirePythagoraExtension (/Users/sainey/.vscode/extensions/pythagoratechnologies.pythagora-vs-code-2.6.19/out/extension.js:542:31)
	at Object.deactivate (/Users/sainey/.vscode/extensions/pythagoratechnologies.pythagora-vs-code-2.6.19/out/extension.js:409:15)
	at bP._deactivate (file:///Applications/Visual%20Studio%20Code.app/Contents/Resources/app/out/vs/workbench/api/node/extensionHostProcess.js:506:14483)
	at file:///Applications/Visual%20Studio%20Code.app/Contents/Resources/app/out/vs/workbench/api/node/extensionHostProcess.js:506:12010
	at Array.map (<anonymous>)
	at bP._deactivateAll (file:///Applications/Visual%20Studio%20Code.app/Contents/Resources/app/out/vs/workbench/api/node/extensionHostProcess.js:506:11998)
	at bP.terminate (file:///Applications/Visual%20Studio%20Code.app/Contents/Resources/app/out/vs/workbench/api/node/extensionHostProcess.js:506:12349)
	at i.terminate (file:///Applications/Visual%20Studio%20Code.app/Contents/Resources/app/out/vs/workbench/api/node/extensionHostProcess.js:508:1072)
	at Gs (file:///Applications/Visual%20Studio%20Code.app/Contents/Resources/app/out/vs/workbench/api/node/extensionHostProcess.js:805:11700)
	at cp.value (file:///Applications/Visual%20Studio%20Code.app/Contents/Resources/app/out/vs/workbench/api/node/extensionHostProcess.js:805:9847)
	at E._deliver (file:///Applications/Visual%20Studio%20Code.app/Contents/Resources/app/out/vs/workbench/api/node/extensionHostProcess.js:403:3244)
	at E.fire (file:///Applications/Visual%20Studio%20Code.app/Contents/Resources/app/out/vs/workbench/api/node/extensionHostProcess.js:403:3562)
	at as.fire (file:///Applications/Visual%20Studio%20Code.app/Contents/Resources/app/out/vs/workbench/api/node/extensionHostProcess.js:405:8437)
	at MessagePortMain.<anonymous> (file:///Applications/Visual%20Studio%20Code.app/Contents/Resources/app/out/vs/workbench/api/node/extensionHostProcess.js:805:8082)
	at MessagePortMain.emit (node:events:519:28)
	at MessagePortMain._internalPort.emit (node:electron/js2c/utility_init:2:2959)
	at Object.callbackTrampoline (node:internal/async_hooks:130:17)
Extra context: {
  "message": "Canceled"
}
2026-06-11T20:31:59.821Z INFO Is remote: false
2026-06-11T20:31:59.821Z INFO Starting Local. Installation path: /Users/sainey/streets-ahead-website
2026-06-11T20:31:59.821Z INFO [MainProvider] Creating new MainProvider instance...
2026-06-11T20:31:59.822Z INFO [TabsManager] Code view listener set up at initialization
2026-06-11T20:31:59.822Z INFO Installation path exists: /Users/sainey/streets-ahead-website
2026-06-11T20:31:59.822Z INFO Initializing database with URL: file:/Users/sainey/streets-ahead-website/pythagora-core/data/database/pythagora.db
2026-06-11T20:31:59.823Z INFO Database file exists, skipping prisma generate/push for faster startup
2026-06-11T20:31:59.823Z INFO Database initialized successfully
2026-06-11T20:31:59.823Z INFO [Migration] Checking for database migration...
2026-06-11T20:32:00.715Z INFO [Migration] No migration needed
2026-06-11T21:24:03.052Z INFO Closing entire Pythagora extension...
2026-06-11T21:24:03.183Z ERROR Error closing extension
Error: Canceled
Stack: Canceled: Canceled
	at new ZI (file:///Applications/Visual%20Studio%20Code.app/Contents/Resources/app/out/vs/workbench/api/node/extensionHostProcess.js:407:151655)
	at i._remoteCall (file:///Applications/Visual%20Studio%20Code.app/Contents/Resources/app/out/vs/workbench/api/node/extensionHostProcess.js:407:157707)
	at r.<computed>.s.charCodeAt.r.<computed> (file:///Applications/Visual%20Studio%20Code.app/Contents/Resources/app/out/vs/workbench/api/node/extensionHostProcess.js:407:154502)
	at Cg._doExecuteCommand (file:///Applications/Visual%20Studio%20Code.app/Contents/Resources/app/out/vs/workbench/api/node/extensionHostProcess.js:502:48252)
	at Cg.executeCommand (file:///Applications/Visual%20Studio%20Code.app/Contents/Resources/app/out/vs/workbench/api/node/extensionHostProcess.js:502:47699)
	at Object.executeCommand (file:///Applications/Visual%20Studio%20Code.app/Contents/Resources/app/out/vs/workbench/api/node/extensionHostProcess.js:641:136543)
	at closeEntirePythagoraExtension (/Users/sainey/.vscode/extensions/pythagoratechnologies.pythagora-vs-code-2.6.19/out/extension.js:542:31)
	at Object.deactivate (/Users/sainey/.vscode/extensions/pythagoratechnologies.pythagora-vs-code-2.6.19/out/extension.js:409:15)
	at bP._deactivate (file:///Applications/Visual%20Studio%20Code.app/Contents/Resources/app/out/vs/workbench/api/node/extensionHostProcess.js:506:14483)
	at file:///Applications/Visual%20Studio%20Code.app/Contents/Resources/app/out/vs/workbench/api/node/extensionHostProcess.js:506:12010
	at Array.map (<anonymous>)
	at bP._deactivateAll (file:///Applications/Visual%20Studio%20Code.app/Contents/Resources/app/out/vs/workbench/api/node/extensionHostProcess.js:506:11998)
	at bP.terminate (file:///Applications/Visual%20Studio%20Code.app/Contents/Resources/app/out/vs/workbench/api/node/extensionHostProcess.js:506:12349)
	at i.terminate (file:///Applications/Visual%20Studio%20Code.app/Contents/Resources/app/out/vs/workbench/api/node/extensionHostProcess.js:508:1072)
	at Gs (file:///Applications/Visual%20Studio%20Code.app/Contents/Resources/app/out/vs/workbench/api/node/extensionHostProcess.js:805:11700)
	at cp.value (file:///Applications/Visual%20Studio%20Code.app/Contents/Resources/app/out/vs/workbench/api/node/extensionHostProcess.js:805:9847)
	at E._deliver (file:///Applications/Visual%20Studio%20Code.app/Contents/Resources/app/out/vs/workbench/api/node/extensionHostProcess.js:403:3244)
	at E.fire (file:///Applications/Visual%20Studio%20Code.app/Contents/Resources/app/out/vs/workbench/api/node/extensionHostProcess.js:403:3562)
	at as.fire (file:///Applications/Visual%20Studio%20Code.app/Contents/Resources/app/out/vs/workbench/api/node/extensionHostProcess.js:405:8437)
	at MessagePortMain.<anonymous> (file:///Applications/Visual%20Studio%20Code.app/Contents/Resources/app/out/vs/workbench/api/node/extensionHostProcess.js:805:8082)
	at MessagePortMain.emit (node:events:519:28)
	at MessagePortMain._internalPort.emit (node:electron/js2c/utility_init:2:2959)
	at Object.callbackTrampoline (node:internal/async_hooks:130:17)
Extra context: {
  "message": "Canceled"
}
2026-06-16T12:09:56.418Z INFO Is remote: false
2026-06-16T12:09:56.419Z INFO Starting Local. Installation path: /Users/sainey/streets-ahead-website
2026-06-16T12:09:56.419Z INFO [MainProvider] Creating new MainProvider instance...
2026-06-16T12:09:56.419Z INFO [TabsManager] Code view listener set up at initialization
2026-06-16T12:09:56.420Z INFO Installation path exists: /Users/sainey/streets-ahead-website
2026-06-16T12:09:56.420Z INFO Initializing database with URL: file:/Users/sainey/streets-ahead-website/pythagora-core/data/database/pythagora.db
2026-06-16T12:09:56.423Z INFO Database file exists, skipping prisma generate/push for faster startup
2026-06-16T12:09:56.423Z INFO Database initialized successfully
2026-06-16T12:09:56.423Z INFO [Migration] Checking for database migration...
2026-06-16T12:09:56.801Z INFO [Migration] No migration needed
2026-06-16T12:14:02.852Z INFO Closing entire Pythagora extension...
2026-06-16T12:14:02.872Z ERROR Error closing extension
Error: Canceled
Stack: Canceled: Canceled
	at new nx (file:///Applications/Visual%20Studio%20Code.app/Contents/Resources/app/out/vs/workbench/api/node/extensionHostProcess.js:435:151812)
	at i._remoteCall (file:///Applications/Visual%20Studio%20Code.app/Contents/Resources/app/out/vs/workbench/api/node/extensionHostProcess.js:435:157864)
	at r.<computed>.s.charCodeAt.r.<computed> (file:///Applications/Visual%20Studio%20Code.app/Contents/Resources/app/out/vs/workbench/api/node/extensionHostProcess.js:435:154659)
	at kg._doExecuteCommand (file:///Applications/Visual%20Studio%20Code.app/Contents/Resources/app/out/vs/workbench/api/node/extensionHostProcess.js:534:48252)
	at kg.executeCommand (file:///Applications/Visual%20Studio%20Code.app/Contents/Resources/app/out/vs/workbench/api/node/extensionHostProcess.js:534:47699)
	at Object.executeCommand (file:///Applications/Visual%20Studio%20Code.app/Contents/Resources/app/out/vs/workbench/api/node/extensionHostProcess.js:673:136583)
	at closeEntirePythagoraExtension (/Users/sainey/.vscode/extensions/pythagoratechnologies.pythagora-vs-code-2.6.19/out/extension.js:542:31)
	at Object.deactivate (/Users/sainey/.vscode/extensions/pythagoratechnologies.pythagora-vs-code-2.6.19/out/extension.js:409:15)
	at SP._deactivate (file:///Applications/Visual%20Studio%20Code.app/Contents/Resources/app/out/vs/workbench/api/node/extensionHostProcess.js:538:14483)
	at file:///Applications/Visual%20Studio%20Code.app/Contents/Resources/app/out/vs/workbench/api/node/extensionHostProcess.js:538:12010
	at Array.map (<anonymous>)
	at SP._deactivateAll (file:///Applications/Visual%20Studio%20Code.app/Contents/Resources/app/out/vs/workbench/api/node/extensionHostProcess.js:538:11998)
	at SP.terminate (file:///Applications/Visual%20Studio%20Code.app/Contents/Resources/app/out/vs/workbench/api/node/extensionHostProcess.js:538:12349)
	at i.terminate (file:///Applications/Visual%20Studio%20Code.app/Contents/Resources/app/out/vs/workbench/api/node/extensionHostProcess.js:540:1072)
	at Js (file:///Applications/Visual%20Studio%20Code.app/Contents/Resources/app/out/vs/workbench/api/node/extensionHostProcess.js:837:11733)
	at up.value (file:///Applications/Visual%20Studio%20Code.app/Contents/Resources/app/out/vs/workbench/api/node/extensionHostProcess.js:837:9880)
	at E._deliver (file:///Applications/Visual%20Studio%20Code.app/Contents/Resources/app/out/vs/workbench/api/node/extensionHostProcess.js:431:3244)
	at E.fire (file:///Applications/Visual%20Studio%20Code.app/Contents/Resources/app/out/vs/workbench/api/node/extensionHostProcess.js:431:3562)
	at ls.fire (file:///Applications/Visual%20Studio%20Code.app/Contents/Resources/app/out/vs/workbench/api/node/extensionHostProcess.js:433:8505)
	at MessagePortMain.<anonymous> (file:///Applications/Visual%20Studio%20Code.app/Contents/Resources/app/out/vs/workbench/api/node/extensionHostProcess.js:837:8115)
	at MessagePortMain.emit (node:events:509:28)
	at MessagePortMain._internalPort.emit (node:electron/js2c/utility_init:2:2934)
Extra context: {
  "message": "Canceled"
}
